<?xml version="1.0" encoding="UTF-8"?>
<testsuite name="TestExample" tests="1" skipped="0" failures="0" errors="0" timestamp="2020-12-03T18:01:55" hostname="EPRUMOSL9084" time="0.017">
  <properties/>
  <testcase name="exampleTest_withdraw10_true()" classname="TestExample" time="0.017"/>
  <system-out><![CDATA[]]></system-out>
  <system-err><![CDATA[]]></system-err>
</testsuite>
